<?xml version="1.0" encoding="UTF-8"?>
<testng-results skipped="0" failed="0" total="1" passed="1">
  <reporter-output>
  </reporter-output>
  <suite name="Default suite" duration-ms="6582" started-at="2015-11-29T00:21:32Z" finished-at="2015-11-29T00:21:39Z">
    <groups>
    </groups>
    <test name="Default test" duration-ms="6582" started-at="2015-11-29T00:21:32Z" finished-at="2015-11-29T00:21:39Z">
      <class name="com.test.RegisterPageTest">
        <test-method status="PASS" signature="init()[pri:0, instance:com.test.RegisterPageTest@326de728]" name="init" is-config="true" duration-ms="3723" started-at="2015-11-28T16:21:32Z" finished-at="2015-11-28T16:21:36Z">
          <reporter-output>
          </reporter-output>
        </test-method> <!-- init -->
        <test-method status="PASS" signature="testValidateRegistration()[pri:0, instance:com.test.RegisterPageTest@326de728]" name="testValidateRegistration" duration-ms="2740" started-at="2015-11-28T16:21:36Z" finished-at="2015-11-28T16:21:39Z">
          <reporter-output>
          </reporter-output>
        </test-method> <!-- testValidateRegistration -->
        <test-method status="PASS" signature="exit()[pri:0, instance:com.test.RegisterPageTest@326de728]" name="exit" is-config="true" duration-ms="95" started-at="2015-11-28T16:21:39Z" finished-at="2015-11-28T16:21:39Z">
          <reporter-output>
          </reporter-output>
        </test-method> <!-- exit -->
      </class> <!-- com.test.RegisterPageTest -->
    </test> <!-- Default test -->
  </suite> <!-- Default suite -->
</testng-results>
