<?xml version="1.0" encoding="UTF-8"?>
<testng-results skipped="0" failed="0" total="1" passed="1">
  <reporter-output>
  </reporter-output>
  <suite name="Default suite" duration-ms="20110" started-at="2016-01-10T02:07:25Z" finished-at="2016-01-10T02:07:45Z">
    <groups>
    </groups>
    <test name="Default test" duration-ms="20110" started-at="2016-01-10T02:07:25Z" finished-at="2016-01-10T02:07:45Z">
      <class name="com.testshilpi.BBsignuptest">
        <test-method status="PASS" signature="init()[pri:0, instance:com.testshilpi.BBsignuptest@7a92922]" name="init" is-config="true" duration-ms="3470" started-at="2016-01-09T18:07:25Z" finished-at="2016-01-09T18:07:29Z">
          <reporter-output>
          </reporter-output>
        </test-method> <!-- init -->
        <test-method status="PASS" signature="testsignup()[pri:0, instance:com.testshilpi.BBsignuptest@7a92922]" name="testsignup" duration-ms="16605" started-at="2016-01-09T18:07:29Z" finished-at="2016-01-09T18:07:45Z">
          <reporter-output>
          </reporter-output>
        </test-method> <!-- testsignup -->
        <test-method status="PASS" signature="end()[pri:0, instance:com.testshilpi.BBsignuptest@7a92922]" name="end" is-config="true" duration-ms="12" started-at="2016-01-09T18:07:45Z" finished-at="2016-01-09T18:07:45Z">
          <reporter-output>
          </reporter-output>
        </test-method> <!-- end -->
      </class> <!-- com.testshilpi.BBsignuptest -->
    </test> <!-- Default test -->
  </suite> <!-- Default suite -->
</testng-results>
