<?xml version="1.0" encoding="UTF-8"?>
<testng-results skipped="0" failed="0" total="1" passed="1">
  <reporter-output>
  </reporter-output>
  <suite name="Default suite" duration-ms="6792" started-at="2015-11-26T00:24:48Z" finished-at="2015-11-26T00:24:54Z">
    <groups>
    </groups>
    <test name="Default test" duration-ms="6792" started-at="2015-11-26T00:24:48Z" finished-at="2015-11-26T00:24:54Z">
      <class name="com.test.RegisterPageTest">
        <test-method status="PASS" signature="init()[pri:0, instance:com.test.RegisterPageTest@3ecf72fd]" name="init" is-config="true" duration-ms="3875" started-at="2015-11-25T16:24:48Z" finished-at="2015-11-25T16:24:51Z">
          <reporter-output>
          </reporter-output>
        </test-method> <!-- init -->
        <test-method status="PASS" signature="testValidateRegistration()[pri:0, instance:com.test.RegisterPageTest@3ecf72fd]" name="testValidateRegistration" duration-ms="2728" started-at="2015-11-25T16:24:51Z" finished-at="2015-11-25T16:24:54Z">
          <reporter-output>
          </reporter-output>
        </test-method> <!-- testValidateRegistration -->
        <test-method status="PASS" signature="exit()[pri:0, instance:com.test.RegisterPageTest@3ecf72fd]" name="exit" is-config="true" duration-ms="155" started-at="2015-11-25T16:24:54Z" finished-at="2015-11-25T16:24:54Z">
          <reporter-output>
          </reporter-output>
        </test-method> <!-- exit -->
      </class> <!-- com.test.RegisterPageTest -->
    </test> <!-- Default test -->
  </suite> <!-- Default suite -->
</testng-results>
